<?xml version="1.0" encoding="UTF-8"?>
<coverage generated="1780589112937" clover="3.2.0">
  <project timestamp="1780589112938" name="All files">
    <metrics statements="111" coveredstatements="107" conditionals="81" coveredconditionals="63" methods="41" coveredmethods="40" elements="233" coveredelements="210" complexity="0" loc="111" ncloc="111" packages="5" files="6" classes="6"/>
    <package name="components">
      <metrics statements="49" coveredstatements="46" conditionals="36" coveredconditionals="24" methods="15" coveredmethods="14"/>
      <file name="BaseSkillsManager.tsx" path="/home/czirman/workspace-10x/shaping-both/src/components/BaseSkillsManager.tsx">
        <metrics statements="49" coveredstatements="46" conditionals="36" coveredconditionals="24" methods="15" coveredmethods="14"/>
        <line num="9" count="1" type="stmt"/>
        <line num="23" count="38" type="stmt"/>
        <line num="25" count="38" type="stmt"/>
        <line num="26" count="38" type="stmt"/>
        <line num="28" count="38" type="stmt"/>
        <line num="29" count="38" type="stmt"/>
        <line num="30" count="38" type="stmt"/>
        <line num="32" count="38" type="stmt"/>
        <line num="33" count="38" type="stmt"/>
        <line num="35" count="38" type="stmt"/>
        <line num="36" count="5" type="stmt"/>
        <line num="37" count="5" type="cond" truecount="1" falsecount="1"/>
        <line num="42" count="1" type="cond" truecount="1" falsecount="1"/>
        <line num="43" count="1" type="stmt"/>
        <line num="44" count="1" type="stmt"/>
        <line num="48" count="5" type="stmt"/>
        <line num="49" count="5" type="stmt"/>
        <line num="50" count="5" type="cond" truecount="2" falsecount="0"/>
        <line num="51" count="4" type="stmt"/>
        <line num="52" count="4" type="stmt"/>
        <line num="54" count="1" type="stmt"/>
        <line num="59" count="1" type="stmt"/>
        <line num="60" count="1" type="stmt"/>
        <line num="61" count="1" type="stmt"/>
        <line num="65" count="0" type="stmt"/>
        <line num="66" count="0" type="stmt"/>
        <line num="70" count="1" type="stmt"/>
        <line num="71" count="1" type="cond" truecount="1" falsecount="1"/>
        <line num="72" count="1" type="stmt"/>
        <line num="73" count="1" type="cond" truecount="1" falsecount="1"/>
        <line num="74" count="1" type="stmt"/>
        <line num="75" count="1" type="stmt"/>
        <line num="77" count="0" type="stmt"/>
        <line num="82" count="1" type="stmt"/>
        <line num="83" count="1" type="cond" truecount="1" falsecount="1"/>
        <line num="84" count="1" type="cond" truecount="1" falsecount="1"/>
        <line num="85" count="1" type="cond" truecount="1" falsecount="1"/>
        <line num="86" count="1" type="stmt"/>
        <line num="87" count="1" type="stmt"/>
        <line num="91" count="1" type="cond" truecount="1" falsecount="1"/>
        <line num="92" count="1" type="stmt"/>
        <line num="95" count="38" type="stmt"/>
        <line num="102" count="17" type="stmt"/>
        <line num="103" count="17" type="cond" truecount="1" falsecount="1"/>
        <line num="135" count="18" type="cond" truecount="2" falsecount="0"/>
        <line num="142" count="7" type="stmt"/>
        <line num="143" count="7" type="cond" truecount="1" falsecount="1"/>
        <line num="171" count="1" type="stmt"/>
        <line num="182" count="1" type="stmt"/>
      </file>
    </package>
    <package name="components.hooks">
      <metrics statements="43" coveredstatements="42" conditionals="34" coveredconditionals="29" methods="18" coveredmethods="18"/>
      <file name="useBaseSkills.ts" path="/home/czirman/workspace-10x/shaping-both/src/components/hooks/useBaseSkills.ts">
        <metrics statements="43" coveredstatements="42" conditionals="34" coveredconditionals="29" methods="18" coveredmethods="18"/>
        <line num="7" count="2" type="stmt"/>
        <line num="24" count="25" type="cond" truecount="3" falsecount="1"/>
        <line num="25" count="25" type="stmt"/>
        <line num="27" count="0" type="stmt"/>
        <line num="32" count="26" type="cond" truecount="1" falsecount="1"/>
        <line num="33" count="26" type="stmt"/>
        <line num="34" count="26" type="stmt"/>
        <line num="35" count="26" type="cond" truecount="2" falsecount="0"/>
        <line num="36" count="8" type="stmt"/>
        <line num="37" count="8" type="cond" truecount="2" falsecount="0"/>
        <line num="43" count="2" type="stmt"/>
        <line num="45" count="4" type="stmt"/>
        <line num="47" count="4" type="cond" truecount="4" falsecount="0"/>
        <line num="53" count="2" type="stmt"/>
        <line num="58" count="53" type="cond" truecount="1" falsecount="1"/>
        <line num="59" count="53" type="stmt"/>
        <line num="60" count="53" type="stmt"/>
        <line num="72" count="79" type="stmt"/>
        <line num="74" count="79" type="stmt"/>
        <line num="75" count="53" type="stmt"/>
        <line num="79" count="27" type="stmt"/>
        <line num="80" count="27" type="cond" truecount="1" falsecount="1"/>
        <line num="81" count="27" type="cond" truecount="2" falsecount="0"/>
        <line num="82" count="2" type="stmt"/>
        <line num="84" count="25" type="stmt"/>
        <line num="85" count="25" type="stmt"/>
        <line num="89" count="6" type="stmt"/>
        <line num="90" count="6" type="cond" truecount="2" falsecount="0"/>
        <line num="91" count="5" type="cond" truecount="2" falsecount="0"/>
        <line num="92" count="1" type="stmt"/>
        <line num="94" count="6" type="cond" truecount="2" falsecount="0"/>
        <line num="95" count="4" type="stmt"/>
        <line num="99" count="7" type="stmt"/>
        <line num="100" count="4" type="cond" truecount="2" falsecount="0"/>
        <line num="101" count="3" type="stmt"/>
        <line num="102" count="6" type="stmt"/>
        <line num="103" count="3" type="stmt"/>
        <line num="107" count="2" type="stmt"/>
        <line num="108" count="2" type="cond" truecount="1" falsecount="1"/>
        <line num="109" count="2" type="stmt"/>
        <line num="110" count="2" type="stmt"/>
        <line num="111" count="2" type="stmt"/>
        <line num="115" count="79" type="stmt"/>
      </file>
    </package>
    <package name="components.ui">
      <metrics statements="4" coveredstatements="4" conditionals="3" coveredconditionals="2" methods="2" coveredmethods="2"/>
      <file name="button.tsx" path="/home/czirman/workspace-10x/shaping-both/src/components/ui/button.tsx">
        <metrics statements="3" coveredstatements="3" conditionals="3" coveredconditionals="2" methods="1" coveredmethods="1"/>
        <line num="7" count="1" type="stmt"/>
        <line num="45" count="75" type="cond" truecount="1" falsecount="1"/>
        <line num="47" count="75" type="stmt"/>
      </file>
      <file name="input.tsx" path="/home/czirman/workspace-10x/shaping-both/src/components/ui/input.tsx">
        <metrics statements="1" coveredstatements="1" conditionals="0" coveredconditionals="0" methods="1" coveredmethods="1"/>
        <line num="6" count="46" type="stmt"/>
      </file>
    </package>
    <package name="lib">
      <metrics statements="1" coveredstatements="1" conditionals="0" coveredconditionals="0" methods="1" coveredmethods="1"/>
      <file name="utils.ts" path="/home/czirman/workspace-10x/shaping-both/src/lib/utils.ts">
        <metrics statements="1" coveredstatements="1" conditionals="0" coveredconditionals="0" methods="1" coveredmethods="1"/>
        <line num="5" count="124" type="stmt"/>
      </file>
    </package>
    <package name="lib.services">
      <metrics statements="14" coveredstatements="14" conditionals="8" coveredconditionals="8" methods="5" coveredmethods="5"/>
      <file name="skills.ts" path="/home/czirman/workspace-10x/shaping-both/src/lib/services/skills.ts">
        <metrics statements="14" coveredstatements="14" conditionals="8" coveredconditionals="8" methods="5" coveredmethods="5"/>
        <line num="13" count="3" type="stmt"/>
        <line num="20" count="3" type="stmt"/>
        <line num="24" count="98" type="stmt"/>
        <line num="29" count="48" type="stmt"/>
        <line num="40" count="49" type="stmt"/>
        <line num="42" count="49" type="cond" truecount="2" falsecount="0"/>
        <line num="43" count="3" type="stmt"/>
        <line num="45" count="46" type="cond" truecount="2" falsecount="0"/>
        <line num="46" count="1" type="stmt"/>
        <line num="51" count="45" type="cond" truecount="2" falsecount="0"/>
        <line num="52" count="2" type="stmt"/>
        <line num="55" count="43" type="stmt"/>
        <line num="63" count="36" type="stmt"/>
        <line num="64" count="36" type="cond" truecount="2" falsecount="0"/>
      </file>
    </package>
  </project>
</coverage>
