{"/home/czirman/workspace-10x/shaping-both/src/components/BaseSkillsManager.tsx": {"path":"/home/czirman/workspace-10x/shaping-both/src/components/BaseSkillsManager.tsx","statementMap":{"0":{"start":{"line":9,"column":23},"end":{"line":9,"column":null}},"1":{"start":{"line":23,"column":65},"end":{"line":23,"column":null}},"2":{"start":{"line":25,"column":30},"end":{"line":25,"column":null}},"3":{"start":{"line":26,"column":30},"end":{"line":26,"column":null}},"4":{"start":{"line":28,"column":32},"end":{"line":28,"column":null}},"5":{"start":{"line":29,"column":32},"end":{"line":29,"column":null}},"6":{"start":{"line":30,"column":32},"end":{"line":30,"column":null}},"7":{"start":{"line":32,"column":36},"end":{"line":32,"column":null}},"8":{"start":{"line":33,"column":8},"end":{"line":33,"column":null}},"9":{"start":{"line":35,"column":2},"end":{"line":39,"column":null}},"10":{"start":{"line":36,"column":4},"end":{"line":38,"column":null}},"11":{"start":{"line":37,"column":6},"end":{"line":37,"column":null}},"12":{"start":{"line":37,"column":29},"end":{"line":37,"column":null}},"13":{"start":{"line":42,"column":4},"end":{"line":42,"column":null}},"14":{"start":{"line":42,"column":27},"end":{"line":42,"column":null}},"15":{"start":{"line":43,"column":4},"end":{"line":43,"column":null}},"16":{"start":{"line":44,"column":4},"end":{"line":44,"column":null}},"17":{"start":{"line":48,"column":4},"end":{"line":48,"column":null}},"18":{"start":{"line":49,"column":19},"end":{"line":49,"column":null}},"19":{"start":{"line":50,"column":4},"end":{"line":55,"column":null}},"20":{"start":{"line":51,"column":6},"end":{"line":51,"column":null}},"21":{"start":{"line":52,"column":6},"end":{"line":52,"column":null}},"22":{"start":{"line":54,"column":6},"end":{"line":54,"column":null}},"23":{"start":{"line":59,"column":4},"end":{"line":59,"column":null}},"24":{"start":{"line":60,"column":4},"end":{"line":60,"column":null}},"25":{"start":{"line":61,"column":4},"end":{"line":61,"column":null}},"26":{"start":{"line":65,"column":4},"end":{"line":65,"column":null}},"27":{"start":{"line":66,"column":4},"end":{"line":66,"column":null}},"28":{"start":{"line":70,"column":4},"end":{"line":70,"column":null}},"29":{"start":{"line":71,"column":4},"end":{"line":71,"column":null}},"30":{"start":{"line":71,"column":28},"end":{"line":71,"column":null}},"31":{"start":{"line":72,"column":19},"end":{"line":72,"column":null}},"32":{"start":{"line":73,"column":4},"end":{"line":78,"column":null}},"33":{"start":{"line":74,"column":6},"end":{"line":74,"column":null}},"34":{"start":{"line":75,"column":6},"end":{"line":75,"column":null}},"35":{"start":{"line":77,"column":6},"end":{"line":77,"column":null}},"36":{"start":{"line":82,"column":20},"end":{"line":82,"column":null}},"37":{"start":{"line":83,"column":4},"end":{"line":83,"column":null}},"38":{"start":{"line":83,"column":18},"end":{"line":83,"column":null}},"39":{"start":{"line":84,"column":4},"end":{"line":84,"column":null}},"40":{"start":{"line":84,"column":32},"end":{"line":84,"column":null}},"41":{"start":{"line":85,"column":4},"end":{"line":85,"column":null}},"42":{"start":{"line":85,"column":27},"end":{"line":85,"column":null}},"43":{"start":{"line":86,"column":4},"end":{"line":86,"column":null}},"44":{"start":{"line":87,"column":4},"end":{"line":87,"column":null}},"45":{"start":{"line":91,"column":4},"end":{"line":91,"column":null}},"46":{"start":{"line":91,"column":21},"end":{"line":91,"column":null}},"47":{"start":{"line":92,"column":4},"end":{"line":92,"column":null}},"48":{"start":{"line":95,"column":2},"end":{"line":193,"column":null}},"49":{"start":{"line":102,"column":14},"end":{"line":102,"column":null}},"50":{"start":{"line":103,"column":14},"end":{"line":103,"column":null}},"51":{"start":{"line":103,"column":28},"end":{"line":103,"column":null}},"52":{"start":{"line":135,"column":12},"end":{"line":188,"column":null}},"53":{"start":{"line":142,"column":24},"end":{"line":142,"column":null}},"54":{"start":{"line":143,"column":24},"end":{"line":143,"column":null}},"55":{"start":{"line":143,"column":39},"end":{"line":143,"column":null}},"56":{"start":{"line":171,"column":22},"end":{"line":171,"column":null}},"57":{"start":{"line":182,"column":22},"end":{"line":182,"column":null}}},"fnMap":{"0":{"name":"BaseSkillsManager","decl":{"start":{"line":22,"column":24},"end":{"line":22,"column":44}},"loc":{"start":{"line":22,"column":44},"end":{"line":195,"column":null}},"line":22},"1":{"name":"(anonymous_1)","decl":{"start":{"line":35,"column":12},"end":{"line":35,"column":18}},"loc":{"start":{"line":35,"column":18},"end":{"line":39,"column":5}},"line":35},"2":{"name":"(anonymous_2)","decl":{"start":{"line":36,"column":11},"end":{"line":36,"column":17}},"loc":{"start":{"line":36,"column":17},"end":{"line":38,"column":null}},"line":36},"3":{"name":"clearUndo","decl":{"start":{"line":41,"column":11},"end":{"line":41,"column":23}},"loc":{"start":{"line":41,"column":23},"end":{"line":45,"column":null}},"line":41},"4":{"name":"handleAdd","decl":{"start":{"line":47,"column":11},"end":{"line":47,"column":21}},"loc":{"start":{"line":47,"column":46},"end":{"line":56,"column":null}},"line":47},"5":{"name":"startEdit","decl":{"start":{"line":58,"column":11},"end":{"line":58,"column":21}},"loc":{"start":{"line":58,"column":35},"end":{"line":62,"column":null}},"line":58},"6":{"name":"cancelEdit","decl":{"start":{"line":64,"column":11},"end":{"line":64,"column":24}},"loc":{"start":{"line":64,"column":24},"end":{"line":67,"column":null}},"line":64},"7":{"name":"handleEditSave","decl":{"start":{"line":69,"column":11},"end":{"line":69,"column":26}},"loc":{"start":{"line":69,"column":51},"end":{"line":79,"column":null}},"line":69},"8":{"name":"handleDelete","decl":{"start":{"line":81,"column":11},"end":{"line":81,"column":24}},"loc":{"start":{"line":81,"column":38},"end":{"line":88,"column":null}},"line":81},"9":{"name":"handleUndo","decl":{"start":{"line":90,"column":11},"end":{"line":90,"column":24}},"loc":{"start":{"line":90,"column":24},"end":{"line":93,"column":null}},"line":90},"10":{"name":"(anonymous_10)","decl":{"start":{"line":101,"column":22},"end":{"line":101,"column":23}},"loc":{"start":{"line":101,"column":29},"end":{"line":104,"column":null}},"line":101},"11":{"name":"(anonymous_11)","decl":{"start":{"line":134,"column":22},"end":{"line":134,"column":23}},"loc":{"start":{"line":135,"column":12},"end":{"line":188,"column":null}},"line":135},"12":{"name":"(anonymous_12)","decl":{"start":{"line":141,"column":32},"end":{"line":141,"column":33}},"loc":{"start":{"line":141,"column":39},"end":{"line":144,"column":null}},"line":141},"13":{"name":"(anonymous_13)","decl":{"start":{"line":170,"column":29},"end":{"line":170,"column":35}},"loc":{"start":{"line":170,"column":35},"end":{"line":172,"column":null}},"line":170},"14":{"name":"(anonymous_14)","decl":{"start":{"line":181,"column":29},"end":{"line":181,"column":35}},"loc":{"start":{"line":181,"column":35},"end":{"line":183,"column":null}},"line":181}},"branchMap":{"0":{"loc":{"start":{"line":37,"column":6},"end":{"line":37,"column":null}},"type":"if","locations":[{"start":{"line":37,"column":6},"end":{"line":37,"column":null}},{"start":{},"end":{}}],"line":37},"1":{"loc":{"start":{"line":42,"column":4},"end":{"line":42,"column":null}},"type":"if","locations":[{"start":{"line":42,"column":4},"end":{"line":42,"column":null}},{"start":{},"end":{}}],"line":42},"2":{"loc":{"start":{"line":50,"column":4},"end":{"line":55,"column":null}},"type":"if","locations":[{"start":{"line":50,"column":4},"end":{"line":55,"column":null}},{"start":{"line":53,"column":11},"end":{"line":55,"column":null}}],"line":50},"3":{"loc":{"start":{"line":71,"column":4},"end":{"line":71,"column":null}},"type":"if","locations":[{"start":{"line":71,"column":4},"end":{"line":71,"column":null}},{"start":{},"end":{}}],"line":71},"4":{"loc":{"start":{"line":73,"column":4},"end":{"line":78,"column":null}},"type":"if","locations":[{"start":{"line":73,"column":4},"end":{"line":78,"column":null}},{"start":{"line":76,"column":11},"end":{"line":78,"column":null}}],"line":73},"5":{"loc":{"start":{"line":83,"column":4},"end":{"line":83,"column":null}},"type":"if","locations":[{"start":{"line":83,"column":4},"end":{"line":83,"column":null}},{"start":{},"end":{}}],"line":83},"6":{"loc":{"start":{"line":84,"column":4},"end":{"line":84,"column":null}},"type":"if","locations":[{"start":{"line":84,"column":4},"end":{"line":84,"column":null}},{"start":{},"end":{}}],"line":84},"7":{"loc":{"start":{"line":85,"column":4},"end":{"line":85,"column":null}},"type":"if","locations":[{"start":{"line":85,"column":4},"end":{"line":85,"column":null}},{"start":{},"end":{}}],"line":85},"8":{"loc":{"start":{"line":91,"column":4},"end":{"line":91,"column":null}},"type":"if","locations":[{"start":{"line":91,"column":4},"end":{"line":91,"column":null}},{"start":{},"end":{}}],"line":91},"9":{"loc":{"start":{"line":103,"column":14},"end":{"line":103,"column":null}},"type":"if","locations":[{"start":{"line":103,"column":14},"end":{"line":103,"column":null}},{"start":{},"end":{}}],"line":103},"10":{"loc":{"start":{"line":106,"column":26},"end":{"line":106,"column":null}},"type":"cond-expr","locations":[{"start":{"line":106,"column":37},"end":{"line":106,"column":44}},{"start":{"line":106,"column":44},"end":{"line":106,"column":null}}],"line":106},"11":{"loc":{"start":{"line":111,"column":9},"end":{"line":114,"column":null}},"type":"binary-expr","locations":[{"start":{"line":111,"column":9},"end":{"line":111,"column":null}},{"start":{"line":112,"column":10},"end":{"line":114,"column":null}}],"line":111},"12":{"loc":{"start":{"line":118,"column":7},"end":{"line":127,"column":null}},"type":"binary-expr","locations":[{"start":{"line":118,"column":7},"end":{"line":118,"column":null}},{"start":{"line":119,"column":8},"end":{"line":127,"column":null}}],"line":118},"13":{"loc":{"start":{"line":130,"column":7},"end":{"line":191,"column":null}},"type":"cond-expr","locations":[{"start":{"line":131,"column":8},"end":{"line":131,"column":null}},{"start":{"line":133,"column":8},"end":{"line":191,"column":null}}],"line":130},"14":{"loc":{"start":{"line":135,"column":12},"end":{"line":188,"column":null}},"type":"cond-expr","locations":[{"start":{"line":136,"column":14},"end":{"line":160,"column":null}},{"start":{"line":162,"column":14},"end":{"line":188,"column":null}}],"line":135},"15":{"loc":{"start":{"line":143,"column":24},"end":{"line":143,"column":null}},"type":"if","locations":[{"start":{"line":143,"column":24},"end":{"line":143,"column":null}},{"start":{},"end":{}}],"line":143},"16":{"loc":{"start":{"line":146,"column":36},"end":{"line":146,"column":null}},"type":"cond-expr","locations":[{"start":{"line":146,"column":48},"end":{"line":146,"column":55}},{"start":{"line":146,"column":55},"end":{"line":146,"column":null}}],"line":146},"17":{"loc":{"start":{"line":154,"column":19},"end":{"line":157,"column":null}},"type":"binary-expr","locations":[{"start":{"line":154,"column":19},"end":{"line":154,"column":null}},{"start":{"line":155,"column":20},"end":{"line":157,"column":null}}],"line":154}},"s":{"0":1,"1":38,"2":38,"3":38,"4":38,"5":38,"6":38,"7":38,"8":38,"9":38,"10":5,"11":5,"12":0,"13":1,"14":1,"15":1,"16":1,"17":5,"18":5,"19":5,"20":4,"21":4,"22":1,"23":1,"24":1,"25":1,"26":0,"27":0,"28":1,"29":1,"30":0,"31":1,"32":1,"33":1,"34":1,"35":0,"36":1,"37":1,"38":0,"39":1,"40":0,"41":1,"42":0,"43":1,"44":1,"45":1,"46":1,"47":1,"48":38,"49":17,"50":17,"51":0,"52":18,"53":7,"54":7,"55":0,"56":1,"57":1},"f":{"0":38,"1":5,"2":5,"3":1,"4":5,"5":1,"6":0,"7":1,"8":1,"9":1,"10":17,"11":18,"12":7,"13":1,"14":1},"b":{"0":[0,5],"1":[1,0],"2":[4,1],"3":[0,1],"4":[1,0],"5":[0,1],"6":[0,1],"7":[0,1],"8":[1,0],"9":[0,17],"10":[1,37],"11":[38,1],"12":[38,1],"13":[20,18],"14":[8,10],"15":[0,7],"16":[0,8],"17":[8,0]},"meta":{"lastBranch":18,"lastFunction":15,"lastStatement":58,"seen":{"s:9:23:9:Infinity":0,"f:22:24:22:44":0,"s:23:65:23:Infinity":1,"s:25:30:25:Infinity":2,"s:26:30:26:Infinity":3,"s:28:32:28:Infinity":4,"s:29:32:29:Infinity":5,"s:30:32:30:Infinity":6,"s:32:36:32:Infinity":7,"s:33:8:33:Infinity":8,"s:35:2:39:Infinity":9,"f:35:12:35:18":1,"s:36:4:38:Infinity":10,"f:36:11:36:17":2,"b:37:6:37:Infinity:undefined:undefined:undefined:undefined":0,"s:37:6:37:Infinity":11,"s:37:29:37:Infinity":12,"f:41:11:41:23":3,"b:42:4:42:Infinity:undefined:undefined:undefined:undefined":1,"s:42:4:42:Infinity":13,"s:42:27:42:Infinity":14,"s:43:4:43:Infinity":15,"s:44:4:44:Infinity":16,"f:47:11:47:21":4,"s:48:4:48:Infinity":17,"s:49:19:49:Infinity":18,"b:50:4:55:Infinity:53:11:55:Infinity":2,"s:50:4:55:Infinity":19,"s:51:6:51:Infinity":20,"s:52:6:52:Infinity":21,"s:54:6:54:Infinity":22,"f:58:11:58:21":5,"s:59:4:59:Infinity":23,"s:60:4:60:Infinity":24,"s:61:4:61:Infinity":25,"f:64:11:64:24":6,"s:65:4:65:Infinity":26,"s:66:4:66:Infinity":27,"f:69:11:69:26":7,"s:70:4:70:Infinity":28,"b:71:4:71:Infinity:undefined:undefined:undefined:undefined":3,"s:71:4:71:Infinity":29,"s:71:28:71:Infinity":30,"s:72:19:72:Infinity":31,"b:73:4:78:Infinity:76:11:78:Infinity":4,"s:73:4:78:Infinity":32,"s:74:6:74:Infinity":33,"s:75:6:75:Infinity":34,"s:77:6:77:Infinity":35,"f:81:11:81:24":8,"s:82:20:82:Infinity":36,"b:83:4:83:Infinity:undefined:undefined:undefined:undefined":5,"s:83:4:83:Infinity":37,"s:83:18:83:Infinity":38,"b:84:4:84:Infinity:undefined:undefined:undefined:undefined":6,"s:84:4:84:Infinity":39,"s:84:32:84:Infinity":40,"b:85:4:85:Infinity:undefined:undefined:undefined:undefined":7,"s:85:4:85:Infinity":41,"s:85:27:85:Infinity":42,"s:86:4:86:Infinity":43,"s:87:4:87:Infinity":44,"f:90:11:90:24":9,"b:91:4:91:Infinity:undefined:undefined:undefined:undefined":8,"s:91:4:91:Infinity":45,"s:91:21:91:Infinity":46,"s:92:4:92:Infinity":47,"s:95:2:193:Infinity":48,"f:101:22:101:23":10,"s:102:14:102:Infinity":49,"b:103:14:103:Infinity:undefined:undefined:undefined:undefined":9,"s:103:14:103:Infinity":50,"s:103:28:103:Infinity":51,"b:106:37:106:44:106:44:106:Infinity":10,"b:111:9:111:Infinity:112:10:114:Infinity":11,"b:118:7:118:Infinity:119:8:127:Infinity":12,"b:131:8:131:Infinity:133:8:191:Infinity":13,"f:134:22:134:23":11,"s:135:12:188:Infinity":52,"b:136:14:160:Infinity:162:14:188:Infinity":14,"f:141:32:141:33":12,"s:142:24:142:Infinity":53,"b:143:24:143:Infinity:undefined:undefined:undefined:undefined":15,"s:143:24:143:Infinity":54,"s:143:39:143:Infinity":55,"b:146:48:146:55:146:55:146:Infinity":16,"b:154:19:154:Infinity:155:20:157:Infinity":17,"f:170:29:170:35":13,"s:171:22:171:Infinity":56,"f:181:29:181:35":14,"s:182:22:182:Infinity":57}}}
,"/home/czirman/workspace-10x/shaping-both/src/components/hooks/useBaseSkills.ts": {"path":"/home/czirman/workspace-10x/shaping-both/src/components/hooks/useBaseSkills.ts","statementMap":{"0":{"start":{"line":7,"column":27},"end":{"line":7,"column":null}},"1":{"start":{"line":24,"column":2},"end":{"line":26,"column":null}},"2":{"start":{"line":25,"column":4},"end":{"line":25,"column":null}},"3":{"start":{"line":27,"column":2},"end":{"line":27,"column":null}},"4":{"start":{"line":32,"column":2},"end":{"line":32,"column":null}},"5":{"start":{"line":32,"column":37},"end":{"line":32,"column":null}},"6":{"start":{"line":33,"column":2},"end":{"line":54,"column":null}},"7":{"start":{"line":34,"column":16},"end":{"line":34,"column":null}},"8":{"start":{"line":35,"column":4},"end":{"line":35,"column":null}},"9":{"start":{"line":35,"column":14},"end":{"line":35,"column":null}},"10":{"start":{"line":36,"column":19},"end":{"line":36,"column":null}},"11":{"start":{"line":37,"column":4},"end":{"line":44,"column":null}},"12":{"start":{"line":43,"column":6},"end":{"line":43,"column":null}},"13":{"start":{"line":45,"column":4},"end":{"line":51,"column":null}},"14":{"start":{"line":47,"column":8},"end":{"line":50,"column":null}},"15":{"start":{"line":53,"column":4},"end":{"line":53,"column":null}},"16":{"start":{"line":58,"column":2},"end":{"line":58,"column":null}},"17":{"start":{"line":58,"column":37},"end":{"line":58,"column":null}},"18":{"start":{"line":59,"column":2},"end":{"line":64,"column":null}},"19":{"start":{"line":60,"column":4},"end":{"line":60,"column":null}},"20":{"start":{"line":72,"column":26},"end":{"line":72,"column":null}},"21":{"start":{"line":74,"column":2},"end":{"line":76,"column":null}},"22":{"start":{"line":75,"column":4},"end":{"line":75,"column":null}},"23":{"start":{"line":79,"column":10},"end":{"line":79,"column":null}},"24":{"start":{"line":80,"column":4},"end":{"line":80,"column":null}},"25":{"start":{"line":80,"column":20},"end":{"line":80,"column":null}},"26":{"start":{"line":81,"column":4},"end":{"line":83,"column":null}},"27":{"start":{"line":82,"column":6},"end":{"line":82,"column":null}},"28":{"start":{"line":84,"column":4},"end":{"line":84,"column":null}},"29":{"start":{"line":84,"column":24},"end":{"line":84,"column":70}},"30":{"start":{"line":85,"column":4},"end":{"line":85,"column":null}},"31":{"start":{"line":89,"column":10},"end":{"line":89,"column":null}},"32":{"start":{"line":90,"column":4},"end":{"line":90,"column":null}},"33":{"start":{"line":90,"column":20},"end":{"line":90,"column":null}},"34":{"start":{"line":91,"column":4},"end":{"line":93,"column":null}},"35":{"start":{"line":92,"column":6},"end":{"line":92,"column":null}},"36":{"start":{"line":94,"column":4},"end":{"line":94,"column":null}},"37":{"start":{"line":94,"column":24},"end":{"line":94,"column":89}},"38":{"start":{"line":94,"column":41},"end":{"line":94,"column":88}},"39":{"start":{"line":95,"column":4},"end":{"line":95,"column":null}},"40":{"start":{"line":99,"column":18},"end":{"line":99,"column":null}},"41":{"start":{"line":99,"column":42},"end":{"line":99,"column":53}},"42":{"start":{"line":100,"column":4},"end":{"line":100,"column":null}},"43":{"start":{"line":100,"column":22},"end":{"line":100,"column":null}},"44":{"start":{"line":101,"column":18},"end":{"line":101,"column":null}},"45":{"start":{"line":102,"column":4},"end":{"line":102,"column":null}},"46":{"start":{"line":102,"column":24},"end":{"line":102,"column":55}},"47":{"start":{"line":102,"column":43},"end":{"line":102,"column":54}},"48":{"start":{"line":103,"column":4},"end":{"line":103,"column":null}},"49":{"start":{"line":107,"column":4},"end":{"line":112,"column":null}},"50":{"start":{"line":108,"column":6},"end":{"line":108,"column":null}},"51":{"start":{"line":108,"column":27},"end":{"line":108,"column":44}},"52":{"start":{"line":108,"column":47},"end":{"line":108,"column":null}},"53":{"start":{"line":109,"column":19},"end":{"line":109,"column":null}},"54":{"start":{"line":110,"column":6},"end":{"line":110,"column":null}},"55":{"start":{"line":111,"column":6},"end":{"line":111,"column":null}},"56":{"start":{"line":115,"column":2},"end":{"line":115,"column":null}}},"fnMap":{"0":{"name":"newId","decl":{"start":{"line":23,"column":9},"end":{"line":23,"column":25}},"loc":{"start":{"line":23,"column":25},"end":{"line":28,"column":null}},"line":23},"1":{"name":"readStore","decl":{"start":{"line":31,"column":9},"end":{"line":31,"column":30}},"loc":{"start":{"line":31,"column":30},"end":{"line":55,"column":null}},"line":31},"2":{"name":"(anonymous_2)","decl":{"start":{"line":46,"column":6},"end":{"line":46,"column":7}},"loc":{"start":{"line":47,"column":8},"end":{"line":50,"column":null}},"line":47},"3":{"name":"writeStore","decl":{"start":{"line":57,"column":9},"end":{"line":57,"column":20}},"loc":{"start":{"line":57,"column":43},"end":{"line":65,"column":null}},"line":57},"4":{"name":"useBaseSkills","decl":{"start":{"line":71,"column":16},"end":{"line":71,"column":47}},"loc":{"start":{"line":71,"column":47},"end":{"line":116,"column":null}},"line":71},"5":{"name":"(anonymous_5)","decl":{"start":{"line":74,"column":12},"end":{"line":74,"column":18}},"loc":{"start":{"line":74,"column":18},"end":{"line":76,"column":5}},"line":74},"6":{"name":"addSkill","decl":{"start":{"line":78,"column":11},"end":{"line":78,"column":20}},"loc":{"start":{"line":78,"column":50},"end":{"line":86,"column":null}},"line":78},"7":{"name":"(anonymous_7)","decl":{"start":{"line":84,"column":14},"end":{"line":84,"column":15}},"loc":{"start":{"line":84,"column":24},"end":{"line":84,"column":70}},"line":84},"8":{"name":"editSkill","decl":{"start":{"line":88,"column":11},"end":{"line":88,"column":21}},"loc":{"start":{"line":88,"column":63},"end":{"line":96,"column":null}},"line":88},"9":{"name":"(anonymous_9)","decl":{"start":{"line":94,"column":14},"end":{"line":94,"column":15}},"loc":{"start":{"line":94,"column":24},"end":{"line":94,"column":89}},"line":94},"10":{"name":"(anonymous_10)","decl":{"start":{"line":94,"column":33},"end":{"line":94,"column":34}},"loc":{"start":{"line":94,"column":41},"end":{"line":94,"column":88}},"line":94},"11":{"name":"removeSkill","decl":{"start":{"line":98,"column":11},"end":{"line":98,"column":23}},"loc":{"start":{"line":98,"column":75},"end":{"line":104,"column":null}},"line":98},"12":{"name":"(anonymous_12)","decl":{"start":{"line":99,"column":35},"end":{"line":99,"column":36}},"loc":{"start":{"line":99,"column":42},"end":{"line":99,"column":53}},"line":99},"13":{"name":"(anonymous_13)","decl":{"start":{"line":102,"column":14},"end":{"line":102,"column":15}},"loc":{"start":{"line":102,"column":24},"end":{"line":102,"column":55}},"line":102},"14":{"name":"(anonymous_14)","decl":{"start":{"line":102,"column":36},"end":{"line":102,"column":37}},"loc":{"start":{"line":102,"column":43},"end":{"line":102,"column":54}},"line":102},"15":{"name":"restoreSkill","decl":{"start":{"line":106,"column":11},"end":{"line":106,"column":24}},"loc":{"start":{"line":106,"column":59},"end":{"line":113,"column":null}},"line":106},"16":{"name":"(anonymous_16)","decl":{"start":{"line":107,"column":14},"end":{"line":107,"column":15}},"loc":{"start":{"line":107,"column":24},"end":{"line":112,"column":5}},"line":107},"17":{"name":"(anonymous_17)","decl":{"start":{"line":108,"column":20},"end":{"line":108,"column":21}},"loc":{"start":{"line":108,"column":27},"end":{"line":108,"column":44}},"line":108}},"branchMap":{"0":{"loc":{"start":{"line":24,"column":2},"end":{"line":26,"column":null}},"type":"if","locations":[{"start":{"line":24,"column":2},"end":{"line":26,"column":null}},{"start":{},"end":{}}],"line":24},"1":{"loc":{"start":{"line":24,"column":6},"end":{"line":24,"column":80}},"type":"binary-expr","locations":[{"start":{"line":24,"column":6},"end":{"line":24,"column":39}},{"start":{"line":24,"column":39},"end":{"line":24,"column":80}}],"line":24},"2":{"loc":{"start":{"line":32,"column":2},"end":{"line":32,"column":null}},"type":"if","locations":[{"start":{"line":32,"column":2},"end":{"line":32,"column":null}},{"start":{},"end":{}}],"line":32},"3":{"loc":{"start":{"line":35,"column":4},"end":{"line":35,"column":null}},"type":"if","locations":[{"start":{"line":35,"column":4},"end":{"line":35,"column":null}},{"start":{},"end":{}}],"line":35},"4":{"loc":{"start":{"line":37,"column":4},"end":{"line":44,"column":null}},"type":"if","locations":[{"start":{"line":37,"column":4},"end":{"line":44,"column":null}},{"start":{},"end":{}}],"line":37},"5":{"loc":{"start":{"line":38,"column":6},"end":{"line":41,"column":null}},"type":"binary-expr","locations":[{"start":{"line":38,"column":6},"end":{"line":38,"column":null}},{"start":{"line":39,"column":6},"end":{"line":39,"column":null}},{"start":{"line":40,"column":7},"end":{"line":40,"column":null}},{"start":{"line":41,"column":6},"end":{"line":41,"column":null}}],"line":38},"6":{"loc":{"start":{"line":47,"column":8},"end":{"line":50,"column":null}},"type":"binary-expr","locations":[{"start":{"line":47,"column":8},"end":{"line":47,"column":null}},{"start":{"line":48,"column":8},"end":{"line":48,"column":null}},{"start":{"line":49,"column":8},"end":{"line":49,"column":null}},{"start":{"line":50,"column":8},"end":{"line":50,"column":null}}],"line":47},"7":{"loc":{"start":{"line":58,"column":2},"end":{"line":58,"column":null}},"type":"if","locations":[{"start":{"line":58,"column":2},"end":{"line":58,"column":null}},{"start":{},"end":{}}],"line":58},"8":{"loc":{"start":{"line":80,"column":4},"end":{"line":80,"column":null}},"type":"if","locations":[{"start":{"line":80,"column":4},"end":{"line":80,"column":null}},{"start":{},"end":{}}],"line":80},"9":{"loc":{"start":{"line":81,"column":4},"end":{"line":83,"column":null}},"type":"if","locations":[{"start":{"line":81,"column":4},"end":{"line":83,"column":null}},{"start":{},"end":{}}],"line":81},"10":{"loc":{"start":{"line":90,"column":4},"end":{"line":90,"column":null}},"type":"if","locations":[{"start":{"line":90,"column":4},"end":{"line":90,"column":null}},{"start":{},"end":{}}],"line":90},"11":{"loc":{"start":{"line":91,"column":4},"end":{"line":93,"column":null}},"type":"if","locations":[{"start":{"line":91,"column":4},"end":{"line":93,"column":null}},{"start":{},"end":{}}],"line":91},"12":{"loc":{"start":{"line":94,"column":41},"end":{"line":94,"column":88}},"type":"cond-expr","locations":[{"start":{"line":94,"column":55},"end":{"line":94,"column":86}},{"start":{"line":94,"column":86},"end":{"line":94,"column":88}}],"line":94},"13":{"loc":{"start":{"line":100,"column":4},"end":{"line":100,"column":null}},"type":"if","locations":[{"start":{"line":100,"column":4},"end":{"line":100,"column":null}},{"start":{},"end":{}}],"line":100},"14":{"loc":{"start":{"line":108,"column":6},"end":{"line":108,"column":null}},"type":"if","locations":[{"start":{"line":108,"column":6},"end":{"line":108,"column":null}},{"start":{},"end":{}}],"line":108}},"s":{"0":2,"1":25,"2":25,"3":0,"4":26,"5":0,"6":26,"7":26,"8":26,"9":18,"10":8,"11":8,"12":2,"13":4,"14":4,"15":2,"16":53,"17":0,"18":53,"19":53,"20":79,"21":79,"22":53,"23":27,"24":27,"25":0,"26":27,"27":2,"28":25,"29":25,"30":25,"31":6,"32":6,"33":1,"34":5,"35":1,"36":4,"37":4,"38":6,"39":4,"40":4,"41":7,"42":4,"43":1,"44":3,"45":3,"46":3,"47":6,"48":3,"49":2,"50":2,"51":2,"52":0,"53":2,"54":2,"55":2,"56":79},"f":{"0":25,"1":26,"2":4,"3":53,"4":79,"5":53,"6":27,"7":25,"8":6,"9":4,"10":6,"11":4,"12":7,"13":3,"14":6,"15":2,"16":2,"17":2},"b":{"0":[25,0],"1":[25,25],"2":[0,26],"3":[18,8],"4":[2,6],"5":[8,6,6,4],"6":[4,4,4,4],"7":[0,53],"8":[0,27],"9":[2,25],"10":[1,5],"11":[1,4],"12":[4,2],"13":[1,3],"14":[0,2]},"meta":{"lastBranch":15,"lastFunction":18,"lastStatement":57,"seen":{"s:7:27:7:Infinity":0,"f:23:9:23:25":0,"b:24:2:26:Infinity:undefined:undefined:undefined:undefined":0,"s:24:2:26:Infinity":1,"b:24:6:24:39:24:39:24:80":1,"s:25:4:25:Infinity":2,"s:27:2:27:Infinity":3,"f:31:9:31:30":1,"b:32:2:32:Infinity:undefined:undefined:undefined:undefined":2,"s:32:2:32:Infinity":4,"s:32:37:32:Infinity":5,"s:33:2:54:Infinity":6,"s:34:16:34:Infinity":7,"b:35:4:35:Infinity:undefined:undefined:undefined:undefined":3,"s:35:4:35:Infinity":8,"s:35:14:35:Infinity":9,"s:36:19:36:Infinity":10,"b:37:4:44:Infinity:undefined:undefined:undefined:undefined":4,"s:37:4:44:Infinity":11,"b:38:6:38:Infinity:39:6:39:Infinity:40:7:40:Infinity:41:6:41:Infinity":5,"s:43:6:43:Infinity":12,"s:45:4:51:Infinity":13,"f:46:6:46:7":2,"s:47:8:50:Infinity":14,"b:47:8:47:Infinity:48:8:48:Infinity:49:8:49:Infinity:50:8:50:Infinity":6,"s:53:4:53:Infinity":15,"f:57:9:57:20":3,"b:58:2:58:Infinity:undefined:undefined:undefined:undefined":7,"s:58:2:58:Infinity":16,"s:58:37:58:Infinity":17,"s:59:2:64:Infinity":18,"s:60:4:60:Infinity":19,"f:71:16:71:47":4,"s:72:26:72:Infinity":20,"s:74:2:76:Infinity":21,"f:74:12:74:18":5,"s:75:4:75:Infinity":22,"f:78:11:78:20":6,"s:79:10:79:Infinity":23,"b:80:4:80:Infinity:undefined:undefined:undefined:undefined":8,"s:80:4:80:Infinity":24,"s:80:20:80:Infinity":25,"b:81:4:83:Infinity:undefined:undefined:undefined:undefined":9,"s:81:4:83:Infinity":26,"s:82:6:82:Infinity":27,"s:84:4:84:Infinity":28,"f:84:14:84:15":7,"s:84:24:84:70":29,"s:85:4:85:Infinity":30,"f:88:11:88:21":8,"s:89:10:89:Infinity":31,"b:90:4:90:Infinity:undefined:undefined:undefined:undefined":10,"s:90:4:90:Infinity":32,"s:90:20:90:Infinity":33,"b:91:4:93:Infinity:undefined:undefined:undefined:undefined":11,"s:91:4:93:Infinity":34,"s:92:6:92:Infinity":35,"s:94:4:94:Infinity":36,"f:94:14:94:15":9,"s:94:24:94:89":37,"f:94:33:94:34":10,"s:94:41:94:88":38,"b:94:55:94:86:94:86:94:88":12,"s:95:4:95:Infinity":39,"f:98:11:98:23":11,"s:99:18:99:Infinity":40,"f:99:35:99:36":12,"s:99:42:99:53":41,"b:100:4:100:Infinity:undefined:undefined:undefined:undefined":13,"s:100:4:100:Infinity":42,"s:100:22:100:Infinity":43,"s:101:18:101:Infinity":44,"s:102:4:102:Infinity":45,"f:102:14:102:15":13,"s:102:24:102:55":46,"f:102:36:102:37":14,"s:102:43:102:54":47,"s:103:4:103:Infinity":48,"f:106:11:106:24":15,"s:107:4:112:Infinity":49,"f:107:14:107:15":16,"b:108:6:108:Infinity:undefined:undefined:undefined:undefined":14,"s:108:6:108:Infinity":50,"f:108:20:108:21":17,"s:108:27:108:44":51,"s:108:47:108:Infinity":52,"s:109:19:109:Infinity":53,"s:110:6:110:Infinity":54,"s:111:6:111:Infinity":55,"s:115:2:115:Infinity":56}}}
,"/home/czirman/workspace-10x/shaping-both/src/components/ui/button.tsx": {"path":"/home/czirman/workspace-10x/shaping-both/src/components/ui/button.tsx","statementMap":{"0":{"start":{"line":7,"column":6},"end":{"line":33,"column":null}},"1":{"start":{"line":45,"column":15},"end":{"line":45,"column":null}},"2":{"start":{"line":47,"column":2},"end":{"line":47,"column":null}}},"fnMap":{"0":{"name":"Button","decl":{"start":{"line":35,"column":9},"end":{"line":35,"column":16}},"loc":{"start":{"line":44,"column":5},"end":{"line":48,"column":null}},"line":44}},"branchMap":{"0":{"loc":{"start":{"line":39,"column":2},"end":{"line":39,"column":null}},"type":"default-arg","locations":[{"start":{"line":39,"column":12},"end":{"line":39,"column":null}}],"line":39},"1":{"loc":{"start":{"line":45,"column":15},"end":{"line":45,"column":null}},"type":"cond-expr","locations":[{"start":{"line":45,"column":25},"end":{"line":45,"column":32}},{"start":{"line":45,"column":32},"end":{"line":45,"column":null}}],"line":45}},"s":{"0":1,"1":75,"2":75},"f":{"0":75},"b":{"0":[75],"1":[0,75]},"meta":{"lastBranch":2,"lastFunction":1,"lastStatement":3,"seen":{"s:7:6:33:Infinity":0,"f:35:9:35:16":0,"b:39:12:39:Infinity":0,"s:45:15:45:Infinity":1,"b:45:25:45:32:45:32:45:Infinity":1,"s:47:2:47:Infinity":2}}}
,"/home/czirman/workspace-10x/shaping-both/src/components/ui/input.tsx": {"path":"/home/czirman/workspace-10x/shaping-both/src/components/ui/input.tsx","statementMap":{"0":{"start":{"line":6,"column":2},"end":{"line":17,"column":null}}},"fnMap":{"0":{"name":"Input","decl":{"start":{"line":5,"column":9},"end":{"line":5,"column":15}},"loc":{"start":{"line":5,"column":77},"end":{"line":19,"column":null}},"line":5}},"branchMap":{},"s":{"0":46},"f":{"0":46},"b":{},"meta":{"lastBranch":0,"lastFunction":1,"lastStatement":1,"seen":{"f:5:9:5:15":0,"s:6:2:17:Infinity":0}}}
,"/home/czirman/workspace-10x/shaping-both/src/lib/utils.ts": {"path":"/home/czirman/workspace-10x/shaping-both/src/lib/utils.ts","statementMap":{"0":{"start":{"line":5,"column":2},"end":{"line":5,"column":null}}},"fnMap":{"0":{"name":"cn","decl":{"start":{"line":4,"column":16},"end":{"line":4,"column":22}},"loc":{"start":{"line":4,"column":44},"end":{"line":6,"column":null}},"line":4}},"branchMap":{},"s":{"0":124},"f":{"0":124},"b":{},"meta":{"lastBranch":0,"lastFunction":1,"lastStatement":1,"seen":{"f:4:16:4:22":0,"s:5:2:5:Infinity":0}}}
,"/home/czirman/workspace-10x/shaping-both/src/lib/services/skills.ts": {"path":"/home/czirman/workspace-10x/shaping-both/src/lib/services/skills.ts","statementMap":{"0":{"start":{"line":13,"column":37},"end":{"line":13,"column":null}},"1":{"start":{"line":20,"column":21},"end":{"line":20,"column":null}},"2":{"start":{"line":24,"column":2},"end":{"line":24,"column":null}},"3":{"start":{"line":29,"column":2},"end":{"line":29,"column":null}},"4":{"start":{"line":40,"column":16},"end":{"line":40,"column":null}},"5":{"start":{"line":42,"column":2},"end":{"line":44,"column":null}},"6":{"start":{"line":43,"column":4},"end":{"line":43,"column":null}},"7":{"start":{"line":45,"column":2},"end":{"line":50,"column":null}},"8":{"start":{"line":46,"column":4},"end":{"line":49,"column":null}},"9":{"start":{"line":51,"column":2},"end":{"line":53,"column":null}},"10":{"start":{"line":52,"column":4},"end":{"line":52,"column":null}},"11":{"start":{"line":55,"column":2},"end":{"line":55,"column":null}},"12":{"start":{"line":63,"column":14},"end":{"line":63,"column":null}},"13":{"start":{"line":64,"column":2},"end":{"line":64,"column":null}},"14":{"start":{"line":64,"column":28},"end":{"line":64,"column":74}}},"fnMap":{"0":{"name":"normalize","decl":{"start":{"line":23,"column":16},"end":{"line":23,"column":26}},"loc":{"start":{"line":23,"column":48},"end":{"line":25,"column":null}},"line":23},"1":{"name":"dedupKey","decl":{"start":{"line":28,"column":16},"end":{"line":28,"column":25}},"loc":{"start":{"line":28,"column":47},"end":{"line":30,"column":null}},"line":28},"2":{"name":"validateSkillName","decl":{"start":{"line":39,"column":16},"end":{"line":39,"column":34}},"loc":{"start":{"line":39,"column":66},"end":{"line":56,"column":null}},"line":39},"3":{"name":"isDuplicate","decl":{"start":{"line":62,"column":16},"end":{"line":62,"column":28}},"loc":{"start":{"line":62,"column":88},"end":{"line":65,"column":null}},"line":62},"4":{"name":"(anonymous_4)","decl":{"start":{"line":64,"column":21},"end":{"line":64,"column":22}},"loc":{"start":{"line":64,"column":28},"end":{"line":64,"column":74}},"line":64}},"branchMap":{"0":{"loc":{"start":{"line":42,"column":2},"end":{"line":44,"column":null}},"type":"if","locations":[{"start":{"line":42,"column":2},"end":{"line":44,"column":null}},{"start":{},"end":{}}],"line":42},"1":{"loc":{"start":{"line":45,"column":2},"end":{"line":50,"column":null}},"type":"if","locations":[{"start":{"line":45,"column":2},"end":{"line":50,"column":null}},{"start":{},"end":{}}],"line":45},"2":{"loc":{"start":{"line":51,"column":2},"end":{"line":53,"column":null}},"type":"if","locations":[{"start":{"line":51,"column":2},"end":{"line":53,"column":null}},{"start":{},"end":{}}],"line":51},"3":{"loc":{"start":{"line":64,"column":28},"end":{"line":64,"column":74}},"type":"binary-expr","locations":[{"start":{"line":64,"column":28},"end":{"line":64,"column":50}},{"start":{"line":64,"column":50},"end":{"line":64,"column":74}}],"line":64}},"s":{"0":3,"1":3,"2":98,"3":48,"4":49,"5":49,"6":3,"7":46,"8":1,"9":45,"10":2,"11":43,"12":36,"13":36,"14":17},"f":{"0":98,"1":48,"2":49,"3":36,"4":17},"b":{"0":[3,46],"1":[1,45],"2":[2,43],"3":[17,10]},"meta":{"lastBranch":4,"lastFunction":5,"lastStatement":15,"seen":{"s:13:37:13:Infinity":0,"s:20:21:20:Infinity":1,"f:23:16:23:26":0,"s:24:2:24:Infinity":2,"f:28:16:28:25":1,"s:29:2:29:Infinity":3,"f:39:16:39:34":2,"s:40:16:40:Infinity":4,"b:42:2:44:Infinity:undefined:undefined:undefined:undefined":0,"s:42:2:44:Infinity":5,"s:43:4:43:Infinity":6,"b:45:2:50:Infinity:undefined:undefined:undefined:undefined":1,"s:45:2:50:Infinity":7,"s:46:4:49:Infinity":8,"b:51:2:53:Infinity:undefined:undefined:undefined:undefined":2,"s:51:2:53:Infinity":9,"s:52:4:52:Infinity":10,"s:55:2:55:Infinity":11,"f:62:16:62:28":3,"s:63:14:63:Infinity":12,"s:64:2:64:Infinity":13,"f:64:21:64:22":4,"s:64:28:64:74":14,"b:64:28:64:50:64:50:64:74":3}}}
}
